#-----------------------------------------------------------
# Vivado v2016.1 (64-bit)
# SW Build 1538259 on Fri Apr  8 15:45:27 MDT 2016
# IP Build 1537824 on Fri Apr  8 04:28:57 MDT 2016
# Start of session at: Tue Oct 03 19:21:50 2017
# Process ID: 9888
# Current directory: C:/Users/mi3105is-s/Program/vga_blockdesign
# Command line: vivado.exe -gui_launcher_event rodinguilauncherevent2872 C:\Users\mi3105is-s\Program\vga_blockdesign\project_2.xpr
# Log file: C:/Users/mi3105is-s/Program/vga_blockdesign/vivado.log
# Journal file: C:/Users/mi3105is-s/Program/vga_blockdesign\vivado.jou
#-----------------------------------------------------------
start_gui
open_project C:/Users/mi3105is-s/Program/vga_blockdesign/project_2.xpr
INFO: [Project 1-313] Project file moved from 'C:/Users/mi3105is-s/Program/project_2' since last save.
CRITICAL WARNING: [Project 1-311] Could not find the file 'C:/Users/mi3105is-s/Program/vga_blockdesign/project_2.ip_user_files/ip_repo/gpu_0/gpu_0.xci', nor could it be found using path 'C:/Users/mi3105is-s/Program/project_2/project_2.ip_user_files/ip_repo/gpu_0/gpu_0.xci'.
Scanning sources...
Finished scanning sources
INFO: [IP_Flow 19-234] Refreshing IP repositories
INFO: [IP_Flow 19-1700] Loaded user IP repository 'c:/Users/mi3105is-s/Program/vga_blockdesign/project_2.ip_user_files/ip_repo'.
INFO: [IP_Flow 19-2313] Loaded Vivado IP repository 'C:/Xilinx/Vivado/2016.1/data/ip'.
WARNING: [BD 41-1661] One or more IPs have been locked in the design 'clk.bd'. Please run report_ip_status for more details and recommendations on how to fix this issue.
List of locked IPs:
clk_clk_wiz_0_1

open_project: Time (s): cpu = 00:00:11 ; elapsed = 00:00:06 . Memory (MB): peak = 835.359 ; gain = 180.633
update_compile_order -fileset sources_1
remove_files C:/Users/mi3105is-s/Program/vga_blockdesign/project_2.ip_user_files/ip_repo/gpu_0/gpu_0.xci
update_ip_catalog -rebuild
INFO: [IP_Flow 19-234] Refreshing IP repositories
INFO: [IP_Flow 19-1700] Loaded user IP repository 'c:/Users/mi3105is-s/Program/vga_blockdesign/project_2.ip_user_files/ip_repo'.
create_ip -name gpu -vendor lth.se -library user -version 1.0 -module_name gpu_0 -dir C:/Users/mi3105is-s/Program/project_2/project_2.ip_user_files/ip_repo
generate_target {instantiation_template} [get_files c:/Users/mi3105is-s/Program/project_2/project_2.ip_user_files/ip_repo/gpu_0/gpu_0.xci]
INFO: [IP_Flow 19-1686] Generating 'Instantiation Template' target for IP 'gpu_0'...
update_compile_order -fileset sources_1
set_property generate_synth_checkpoint false [get_files  c:/Users/mi3105is-s/Program/project_2/project_2.ip_user_files/ip_repo/gpu_0/gpu_0.xci]
generate_target all [get_files  c:/Users/mi3105is-s/Program/project_2/project_2.ip_user_files/ip_repo/gpu_0/gpu_0.xci]
INFO: [IP_Flow 19-1686] Generating 'Instantiation Template' target for IP 'gpu_0'...
INFO: [IP_Flow 19-1686] Generating 'Synthesis' target for IP 'gpu_0'...
INFO: [IP_Flow 19-1686] Generating 'Simulation' target for IP 'gpu_0'...
INFO: [IP_Flow 19-1686] Generating 'Software Driver' target for IP 'gpu_0'...
export_ip_user_files -of_objects [get_files c:/Users/mi3105is-s/Program/project_2/project_2.ip_user_files/ip_repo/gpu_0/gpu_0.xci] -no_script -force -quiet
export_simulation -of_objects [get_files c:/Users/mi3105is-s/Program/project_2/project_2.ip_user_files/ip_repo/gpu_0/gpu_0.xci] -directory C:/Users/mi3105is-s/Program/vga_blockdesign/project_2.ip_user_files/sim_scripts -ip_user_files_dir C:/Users/mi3105is-s/Program/vga_blockdesign/project_2.ip_user_files -ipstatic_source_dir C:/Users/mi3105is-s/Program/vga_blockdesign/project_2.ip_user_files/ipstatic -force -quiet
update_ip_catalog -rebuild
INFO: [IP_Flow 19-234] Refreshing IP repositories
INFO: [IP_Flow 19-1700] Loaded user IP repository 'c:/Users/mi3105is-s/Program/vga_blockdesign/project_2.ip_user_files/ip_repo'.
update_compile_order -fileset sources_1
update_files -from_files C:/Users/mi3105is-s/Program/vga_blockdesign/project_2.srcs/sources_1/new/vga_ref.vhd -to_files C:/Users/mi3105is-s/Program/vga_blockdesign/project_2.srcs/sources_1/new/test.vhd -filesets [get_filesets *]
INFO: [filemgmt 20-762] Replacing file 'C:/Users/mi3105is-s/Program/vga_blockdesign/project_2.srcs/sources_1/new/test.vhd' with file 'C:/Users/mi3105is-s/Program/vga_blockdesign/project_2.srcs/sources_1/new/vga_ref.vhd'.
INFO: [filemgmt 20-1080] Importing file from 'C:/Users/mi3105is-s/Program/vga_blockdesign/project_2.srcs/sources_1/new/vga_ref.vhd' to 'C:/Users/mi3105is-s/Program/vga_blockdesign/project_2.srcs/sources_1/new/vga_ref.vhd'.
update_compile_order -fileset sources_1
remove_files c:/Users/mi3105is-s/Program/project_2/project_2.ip_user_files/ip_repo/gpu_0/gpu_0.xci
file delete -force C:/Users/mi3105is-s/Program/vga_blockdesign/project_2.ip_user_files/ip/gpu_0 C:/Users/mi3105is-s/Program/vga_blockdesign/project_2.ip_user_files/sim_scripts/gpu_0
update_ip_catalog -rebuild
INFO: [IP_Flow 19-234] Refreshing IP repositories
INFO: [IP_Flow 19-1700] Loaded user IP repository 'c:/Users/mi3105is-s/Program/vga_blockdesign/project_2.ip_user_files/ip_repo'.
create_ip -name gpu -vendor lth.se -library user -version 1.0 -module_name gpu_0 -dir C:/Users/mi3105is-s/Program/project_2/project_2.ip_user_files/ip_repo
generate_target {instantiation_template} [get_files c:/Users/mi3105is-s/Program/project_2/project_2.ip_user_files/ip_repo/gpu_0_1/gpu_0.xci]
INFO: [IP_Flow 19-1686] Generating 'Instantiation Template' target for IP 'gpu_0'...
update_compile_order -fileset sources_1
set_property generate_synth_checkpoint false [get_files  c:/Users/mi3105is-s/Program/project_2/project_2.ip_user_files/ip_repo/gpu_0_1/gpu_0.xci]
generate_target all [get_files  c:/Users/mi3105is-s/Program/project_2/project_2.ip_user_files/ip_repo/gpu_0_1/gpu_0.xci]
INFO: [IP_Flow 19-1686] Generating 'Instantiation Template' target for IP 'gpu_0'...
INFO: [IP_Flow 19-1686] Generating 'Synthesis' target for IP 'gpu_0'...
INFO: [IP_Flow 19-1686] Generating 'Simulation' target for IP 'gpu_0'...
INFO: [IP_Flow 19-1686] Generating 'Software Driver' target for IP 'gpu_0'...
export_ip_user_files -of_objects [get_files c:/Users/mi3105is-s/Program/project_2/project_2.ip_user_files/ip_repo/gpu_0_1/gpu_0.xci] -no_script -force -quiet
export_simulation -of_objects [get_files c:/Users/mi3105is-s/Program/project_2/project_2.ip_user_files/ip_repo/gpu_0_1/gpu_0.xci] -directory C:/Users/mi3105is-s/Program/vga_blockdesign/project_2.ip_user_files/sim_scripts -ip_user_files_dir C:/Users/mi3105is-s/Program/vga_blockdesign/project_2.ip_user_files -ipstatic_source_dir C:/Users/mi3105is-s/Program/vga_blockdesign/project_2.ip_user_files/ipstatic -force -quiet
exit
INFO: [Common 17-206] Exiting Vivado at Tue Oct 03 19:36:58 2017...
